<?xml version="1.0" encoding="UTF-8"?>
<!-- Generated by org.testng.reporters.JUnitReportReporter -->
<testsuite hostname="DESKTOP-705DRQ2" failures="0" tests="1" name="com.kite.testcases.TC_LoginTest_001" time="4.193" errors="0" timestamp="2022-09-22T20:39:34 IST" skipped="0">
  <testcase classname="com.kite.testcases.TC_LoginTest_001" name="LoginTest" time="4.193"/>
  <system-out/>
</testsuite> <!-- com.kite.testcases.TC_LoginTest_001 -->
